20140304-160316|-|File Created...
20140304-160316|Transaction|Attempting DB Connection...
20140304-160316|Transaction|DB Connection Successful!
20140304-160316|Transaction|Generating 'session_token' in [client_sessions]...
20140304-160316|Transaction|Table [client_sessions] not found. Creating...
20140304-160316|Transaction|Table [client_sessions] created!
20140304-160316|Transaction|Created 'session_token' in [client_sessions] Table
20140304-160320|Transaction|Attempting DB Connection...
20140304-160320|Transaction|DB Connection Successful!
20140304-160320|Transaction|Generating 'session_token' in [client_sessions]...
20140304-160320|Transaction|Created 'session_token' in [client_sessions] Table
20140304-160323|Transaction|Attempting DB Connection...
20140304-160323|Transaction|DB Connection Successful!
20140304-160323|Transaction|Generating 'session_token' in [client_sessions]...
20140304-160323|Transaction|Created 'session_token' in [client_sessions] Table
20140304-160326|Transaction|Attempting DB Connection...
20140304-160326|Transaction|DB Connection Successful!
20140304-160327|Transaction|Generating 'session_token' in [client_sessions]...
20140304-160327|Transaction|Created 'session_token' in [client_sessions] Table
20140304-160330|Transaction|Attempting DB Connection...
20140304-160330|Transaction|DB Connection Successful!
20140304-160330|Transaction|Generating 'session_token' in [client_sessions]...
20140304-160330|Transaction|Created 'session_token' in [client_sessions] Table
20140304-160354|Transaction|Attempting DB Connection...
20140304-160354|Transaction|DB Connection Successful!
20140304-160354|Transaction|Generating 'session_token' in [client_sessions]...
20140304-160354|Transaction|Created 'session_token' in [client_sessions] Table
20140304-160336|Transaction|Attempting DB Connection...
20140304-160336|Transaction|DB Connection Successful!
20140304-160336|Transaction|Generating 'session_token' in [client_sessions]...
20140304-160336|Transaction|Created 'session_token' in [client_sessions] Table
20140304-160344|Transaction|Attempting DB Connection...
20140304-160344|Transaction|DB Connection Successful!
20140304-160344|Transaction|Generating 'session_token' in [client_sessions]...
20140304-160344|Transaction|Created 'session_token' in [client_sessions] Table
20140304-160349|Transaction|Attempting DB Connection...
20140304-160349|Transaction|DB Connection Successful!
20140304-160349|Transaction|Generating 'session_token' in [client_sessions]...
20140304-160349|Transaction|Created 'session_token' in [client_sessions] Table
20140304-160325|Transaction|Attempting DB Connection...
20140304-160325|Transaction|DB Connection Successful!
20140304-160325|Transaction|Generating 'session_token' in [client_sessions]...
20140304-160325|Transaction|Created 'session_token' in [client_sessions] Table
20140304-160325|Transaction|Disposed of  2 expired 'session_token' in [client_sessions] Table
20140304-160322|Transaction|Attempting DB Connection...
20140304-160322|Transaction|DB Connection Successful!
20140304-160322|Transaction|Generating 'session_token' in [client_sessions]...
20140304-160322|Transaction|Created 'session_token' in [client_sessions] Table
20140304-172014|Transaction|Attempting DB Connection...
20140304-172014|Transaction|DB Connection Successful!
20140304-172014|Transaction|Generating 'session_token' in [client_sessions]...
20140304-172014|Transaction|Created 'session_token' in [client_sessions] Table
20140304-172014|Transaction|Disposed of  9 expired 'session_token' in [client_sessions] Table
20140312-162427|Transaction|Attempting DB Connection...
20140312-162427|Transaction|DB Connection Successful!
20140312-162616|Transaction|Attempting DB Connection...
20140312-162616|Transaction|DB Connection Successful!
20140312-162711|Transaction|Attempting DB Connection...
20140312-162711|Transaction|DB Connection Successful!
20140312-162758|Transaction|Attempting DB Connection...
20140312-162758|Transaction|DB Connection Successful!
20140401-005923|Transaction|Attempting DB Connection...
20140401-005923|Transaction|DB Connection Successful!
20140401-010147|Transaction|Attempting DB Connection...
20140401-010147|Transaction|DB Connection Successful!
20140401-010234|Transaction|Attempting DB Connection...
20140401-010234|Transaction|DB Connection Successful!
20140401-010343|Transaction|Attempting DB Connection...
20140401-010343|Transaction|DB Connection Successful!
20140401-010408|Transaction|Attempting DB Connection...
20140401-010408|Transaction|DB Connection Successful!
20140401-010438|Transaction|Attempting DB Connection...
20140401-010438|Transaction|DB Connection Successful!
20140401-010441|Transaction|Attempting DB Connection...
20140401-010441|Transaction|DB Connection Successful!
20140401-011450|Transaction|Attempting DB Connection...
20140401-011450|Transaction|DB Connection Successful!
20140401-011959|Transaction|Attempting DB Connection...
20140401-011959|Transaction|DB Connection Successful!
20140401-011959|Transaction|Token update error in [validateUser]!
20140401-011959|Transaction|Generating 'session_token' in [client_sessions]...
20140401-011959|Transaction|Created 'session_token' in [client_sessions] Table
20140401-011959|Transaction|Disposed of  1 expired 'session_token' in [client_sessions] Table
20140401-012242|Transaction|Attempting DB Connection...
20140401-012242|Transaction|DB Connection Successful!
20140401-012242|Transaction|Token update error in [validateUser]!
20140401-012242|Transaction|Generating 'session_token' in [client_sessions]...
20140401-012242|Transaction|Created 'session_token' in [client_sessions] Table
20140401-012250|Transaction|Attempting DB Connection...
20140401-012250|Transaction|DB Connection Successful!
20140401-012250|Transaction|Token update error in [validateUser]!
20140401-012250|Transaction|Generating 'session_token' in [client_sessions]...
20140401-012250|Transaction|Created 'session_token' in [client_sessions] Table
20140401-012614|Transaction|Attempting DB Connection...
20140401-012614|Transaction|DB Connection Successful!
20140401-012615|Transaction|Token update error in [validateUser]!
20140401-012615|Transaction|Generating 'session_token' in [client_sessions]...
20140401-012615|Transaction|Created 'session_token' in [client_sessions] Table
20140401-012624|Transaction|Attempting DB Connection...
20140401-012624|Transaction|DB Connection Successful!
20140401-012624|Transaction|Token update error in [validateUser]!
20140401-012625|Transaction|Generating 'session_token' in [client_sessions]...
20140401-012625|Transaction|Created 'session_token' in [client_sessions] Table
20140401-012702|Transaction|Attempting DB Connection...
20140401-012702|Transaction|DB Connection Successful!
20140401-012702|Transaction|Token update error in [validateUser]!
20140401-012702|Transaction|Generating 'session_token' in [client_sessions]...
20140401-012702|Transaction|Created 'session_token' in [client_sessions] Table
20140401-012915|Transaction|Attempting DB Connection...
20140401-012915|Transaction|DB Connection Successful!
20140401-012915|Transaction|User select error in [searchUser]!
20140401-012915|Transaction|Token update error in [validateUser]!
20140401-012915|Transaction|Generating 'session_token' in [client_sessions]...
20140401-012915|Transaction|Created 'session_token' in [client_sessions] Table
20140401-012925|Transaction|Attempting DB Connection...
20140401-012925|Transaction|DB Connection Successful!
20140401-012925|Transaction|User select error in [searchUser]!
20140401-012925|Transaction|Token update error in [validateUser]!
20140401-012926|Transaction|Generating 'session_token' in [client_sessions]...
20140401-012926|Transaction|Created 'session_token' in [client_sessions] Table
20140401-013458|Transaction|Attempting DB Connection...
20140401-013458|Transaction|DB Connection Successful!
20140401-013837|Transaction|Attempting DB Connection...
20140401-013837|Transaction|DB Connection Successful!
20140401-014031|Transaction|Attempting DB Connection...
20140401-014031|Transaction|DB Connection Successful!
20140401-014323|Transaction|Attempting DB Connection...
20140401-014323|Transaction|DB Connection Successful!
20140401-014351|Transaction|Attempting DB Connection...
20140401-014351|Transaction|DB Connection Successful!
20140401-014459|Transaction|Attempting DB Connection...
20140401-014459|Transaction|DB Connection Successful!
20140401-014539|Transaction|Attempting DB Connection...
20140401-014539|Transaction|DB Connection Successful!
20140401-014719|Transaction|Attempting DB Connection...
20140401-014719|Transaction|DB Connection Successful!
20140401-015032|Transaction|Attempting DB Connection...
20140401-015032|Transaction|DB Connection Successful!
20140401-015049|Transaction|Attempting DB Connection...
20140401-015049|Transaction|DB Connection Successful!
20140401-015112|Transaction|Attempting DB Connection...
20140401-015112|Transaction|DB Connection Successful!
20140401-015200|Transaction|Attempting DB Connection...
20140401-015200|Transaction|DB Connection Successful!
20140401-015322|Transaction|Attempting DB Connection...
20140401-015322|Transaction|DB Connection Successful!
20140401-015420|Transaction|Attempting DB Connection...
20140401-015420|Transaction|DB Connection Successful!
20140401-015500|Transaction|Attempting DB Connection...
20140401-015500|Transaction|DB Connection Successful!
20140401-015522|Transaction|Attempting DB Connection...
20140401-015522|Transaction|DB Connection Successful!
20140401-015540|Transaction|Attempting DB Connection...
20140401-015540|Transaction|DB Connection Successful!
20140401-015550|Transaction|Attempting DB Connection...
20140401-015550|Transaction|DB Connection Successful!
20140401-015558|Transaction|Attempting DB Connection...
20140401-015558|Transaction|DB Connection Successful!
20140401-015816|Transaction|Attempting DB Connection...
20140401-015816|Transaction|DB Connection Successful!
20140401-015838|Transaction|Attempting DB Connection...
20140401-015838|Transaction|DB Connection Successful!
20140401-015838|Transaction|Generating 'session_token' in [client_sessions]...
20140401-015838|Transaction|Created 'session_token' in [client_sessions] Table
20140401-020302|Transaction|Attempting DB Connection...
20140401-020302|Transaction|DB Connection Successful!
20140401-020407|Transaction|Attempting DB Connection...
20140401-020407|Transaction|DB Connection Successful!
20140401-020434|Transaction|Attempting DB Connection...
20140401-020434|Transaction|DB Connection Successful!
20140401-020434|Transaction|Token update error in [validateUser]!
20140401-020446|Transaction|Attempting DB Connection...
20140401-020446|Transaction|DB Connection Successful!
20140401-020446|Transaction|Generating 'session_token' in [client_sessions]...
20140401-020446|Transaction|Created 'session_token' in [client_sessions] Table
20140401-021010|Transaction|Attempting DB Connection...
20140401-021010|Transaction|DB Connection Successful!
20140406-014331|Transaction|Attempting DB Connection...
20140406-014331|Transaction|DB Connection Successful!
20140406-014410|Transaction|Attempting DB Connection...
20140406-014410|Transaction|DB Connection Successful!
20140406-014526|Transaction|Attempting DB Connection...
20140406-014526|Transaction|DB Connection Successful!
20140406-014652|Transaction|Attempting DB Connection...
20140406-014652|Transaction|DB Connection Successful!
20140406-014729|Transaction|Attempting DB Connection...
20140406-014729|Transaction|DB Connection Successful!
20140406-014729|Transaction|Handshake Request to :192.168.1.14 | From :192.168.1.13
20140406-014926|Transaction|Attempting DB Connection...
20140406-014926|Transaction|DB Connection Successful!
20140406-014926|Transaction|Handshake Request to :192.168.1.14 | From :192.168.1.13
20140406-015117|Transaction|Attempting DB Connection...
20140406-015117|Transaction|DB Connection Successful!
20140406-015238|Transaction|Attempting DB Connection...
20140406-015238|Transaction|DB Connection Successful!
20140406-015440|Transaction|Attempting DB Connection...
20140406-015440|Transaction|DB Connection Successful!
20140406-015730|Transaction|Attempting DB Connection...
20140406-015730|Transaction|DB Connection Successful!
20140406-015834|Transaction|Attempting DB Connection...
20140406-015834|Transaction|DB Connection Successful!
20140406-015834|Transaction|Globe ID select error in [searchGlobeID]!
20140406-015834|Transaction|Globe validate error in [validGlobe]!
20140406-020036|Transaction|Attempting DB Connection...
20140406-020036|Transaction|DB Connection Successful!
20140406-020036|Transaction|Token select error in [selectToken]!
20140406-020036|Transaction|Token verification failed in [verifySession]!
20140406-020036|Transaction|Token update error in [validSession]!
20140406-020315|Transaction|Attempting DB Connection...
20140406-020316|Transaction|DB Connection Successful!
20140406-020316|Transaction|Globe ID select error in [searchGlobeID]!
20140406-020316|Transaction|Globe validate error in [validGlobe]!
20140406-020354|Transaction|Attempting DB Connection...
20140406-020354|Transaction|DB Connection Successful!
20140406-020908|Transaction|Attempting DB Connection...
20140406-020908|Transaction|DB Connection Successful!
20140406-020915|Transaction|Attempting DB Connection...
20140406-020915|Transaction|DB Connection Successful!
20140406-020935|Transaction|Attempting DB Connection...
20140406-020935|Transaction|DB Connection Successful!
20140406-021107|Transaction|Attempting DB Connection...
20140406-021107|Transaction|DB Connection Successful!
20140406-021820|Transaction|Attempting DB Connection...
20140406-021820|Transaction|DB Connection Successful!
20140406-021835|Transaction|Attempting DB Connection...
20140406-021835|Transaction|DB Connection Successful!
20140406-021921|Transaction|Attempting DB Connection...
20140406-021921|Transaction|DB Connection Successful!
20140406-022220|Transaction|Attempting DB Connection...
20140406-022220|Transaction|DB Connection Successful!
20140406-022241|Transaction|Attempting DB Connection...
20140406-022241|Transaction|DB Connection Successful!
