20140401-011959|-|File Created...
20140401-011959|System|Exception occurred in [validateUser]! | [exception 'Exception' with message 'Exception Thrown (EMPTY POST):' in G:\Globlock\Globlock\Version0\Server Side\File Access API\userHandler.php:61
Stack trace:
#0 G:\Globlock\Globlock\Version0\Server Side\File Access API\FileAccessAPI.php(70): validateUser(Object(requestBroker))
#1 G:\Globlock\Globlock\Version0\Server Side\File Access API\FileAccessAPI.php(44): handleRequest(Object(requestBroker))
#2 {main}]
20140401-012242|System|Exception occurred in [validateUser]! | [exception 'Exception' with message 'Exception Thrown (EMPTY POST):' in G:\Globlock\Globlock\Version0\Server Side\File Access API\userHandler.php:61
Stack trace:
#0 G:\Globlock\Globlock\Version0\Server Side\File Access API\FileAccessAPI.php(70): validateUser(Object(requestBroker))
#1 G:\Globlock\Globlock\Version0\Server Side\File Access API\FileAccessAPI.php(44): handleRequest(Object(requestBroker))
#2 {main}]
20140401-012250|System|Exception occurred in [validateUser]! | [exception 'Exception' with message 'Exception Thrown (EMPTY POST):' in G:\Globlock\Globlock\Version0\Server Side\File Access API\userHandler.php:61
Stack trace:
#0 G:\Globlock\Globlock\Version0\Server Side\File Access API\FileAccessAPI.php(70): validateUser(Object(requestBroker))
#1 G:\Globlock\Globlock\Version0\Server Side\File Access API\FileAccessAPI.php(44): handleRequest(Object(requestBroker))
#2 {main}]
20140401-012615|System|Exception occurred in [validateUser]! | [exception 'Exception' with message 'Exception Thrown (EMPTY POST):' in G:\Globlock\Globlock\Version0\Server Side\File Access API\userHandler.php:61
Stack trace:
#0 G:\Globlock\Globlock\Version0\Server Side\File Access API\FileAccessAPI.php(70): validateUser(Object(requestBroker))
#1 G:\Globlock\Globlock\Version0\Server Side\File Access API\FileAccessAPI.php(44): handleRequest(Object(requestBroker))
#2 {main}]
20140401-012624|System|Exception occurred in [validateUser]! | [exception 'Exception' with message 'Exception Thrown (EMPTY POST):' in G:\Globlock\Globlock\Version0\Server Side\File Access API\userHandler.php:61
Stack trace:
#0 G:\Globlock\Globlock\Version0\Server Side\File Access API\FileAccessAPI.php(70): validateUser(Object(requestBroker))
#1 G:\Globlock\Globlock\Version0\Server Side\File Access API\FileAccessAPI.php(44): handleRequest(Object(requestBroker))
#2 {main}]
20140401-012702|System|Exception occurred in [validateUser]! | [exception 'Exception' with message 'Exception Thrown (EMPTY POST):' in G:\Globlock\Globlock\Version0\Server Side\File Access API\userHandler.php:61
Stack trace:
#0 G:\Globlock\Globlock\Version0\Server Side\File Access API\FileAccessAPI.php(70): validateUser(Object(requestBroker))
#1 G:\Globlock\Globlock\Version0\Server Side\File Access API\FileAccessAPI.php(44): handleRequest(Object(requestBroker))
#2 {main}]
20140401-012915|System|Exception occurred in [searchUser] !  | [exception 'Exception' with message 'Exception Thrown (Resultset):' in G:\Globlock\Globlock\Version0\Server Side\File Access API\userHandler.php:47
Stack trace:
#0 G:\Globlock\Globlock\Version0\Server Side\File Access API\userHandler.php(66): searchUser(Object(requestBroker))
#1 G:\Globlock\Globlock\Version0\Server Side\File Access API\FileAccessAPI.php(70): validateUser(Object(requestBroker))
#2 G:\Globlock\Globlock\Version0\Server Side\File Access API\FileAccessAPI.php(44): handleRequest(Object(requestBroker))
#3 {main}]
20140401-012915|System|Exception occurred in [validateUser]! | [exception 'Exception' with message 'Exception Thrown (Resultset):' in G:\Globlock\Globlock\Version0\Server Side\File Access API\userHandler.php:67
Stack trace:
#0 G:\Globlock\Globlock\Version0\Server Side\File Access API\FileAccessAPI.php(70): validateUser(Object(requestBroker))
#1 G:\Globlock\Globlock\Version0\Server Side\File Access API\FileAccessAPI.php(44): handleRequest(Object(requestBroker))
#2 {main}]
20140401-012925|System|Exception occurred in [searchUser] !  | [exception 'Exception' with message 'Exception Thrown (Resultset):' in G:\Globlock\Globlock\Version0\Server Side\File Access API\userHandler.php:47
Stack trace:
#0 G:\Globlock\Globlock\Version0\Server Side\File Access API\userHandler.php(66): searchUser(Object(requestBroker))
#1 G:\Globlock\Globlock\Version0\Server Side\File Access API\FileAccessAPI.php(70): validateUser(Object(requestBroker))
#2 G:\Globlock\Globlock\Version0\Server Side\File Access API\FileAccessAPI.php(44): handleRequest(Object(requestBroker))
#3 {main}]
20140401-012925|System|Exception occurred in [validateUser]! | [exception 'Exception' with message 'Exception Thrown (Resultset):' in G:\Globlock\Globlock\Version0\Server Side\File Access API\userHandler.php:67
Stack trace:
#0 G:\Globlock\Globlock\Version0\Server Side\File Access API\FileAccessAPI.php(70): validateUser(Object(requestBroker))
#1 G:\Globlock\Globlock\Version0\Server Side\File Access API\FileAccessAPI.php(44): handleRequest(Object(requestBroker))
#2 {main}]
20140401-020434|System|Exception occurred in [validateUser]! | [exception 'Exception' with message 'Exception Thrown (Resultset):' in G:\Globlock\Globlock\Version0\Server Side\File Access API\userHandler.php:67
Stack trace:
#0 G:\Globlock\Globlock\Version0\Server Side\File Access API\FileAccessAPI.php(71): validUser(Object(requestBroker))
#1 G:\Globlock\Globlock\Version0\Server Side\File Access API\FileAccessAPI.php(44): handleRequest(Object(requestBroker))
#2 {main}]
20140406-015834|System|Exception occurred in [searchGlobeID] !  | [exception 'Exception' with message 'Exception Thrown (Binding):' in G:\Globlock\Globlock\Version0\Server Side\File Access API\globeHandler.php:46
Stack trace:
#0 G:\Globlock\Globlock\Version0\Server Side\File Access API\globeHandler.php(67): searchGlobeID(Object(requestBroker))
#1 G:\Globlock\Globlock\Version0\Server Side\File Access API\FileAccessAPI.php(101): validGlobe(Object(requestBroker))
#2 G:\Globlock\Globlock\Version0\Server Side\File Access API\FileAccessAPI.php(75): reqVALIDATE(Object(requestBroker))
#3 G:\Globlock\Globlock\Version0\Server Side\File Access API\FileAccessAPI.php(45): handleRequest(Object(requestBroker))
#4 {main}]
20140406-015834|System|Exception occurred in [validGlobe]! | [exception 'Exception' with message 'Exception Thrown (Resultset):' in G:\Globlock\Globlock\Version0\Server Side\File Access API\globeHandler.php:69
Stack trace:
#0 G:\Globlock\Globlock\Version0\Server Side\File Access API\FileAccessAPI.php(101): validGlobe(Object(requestBroker))
#1 G:\Globlock\Globlock\Version0\Server Side\File Access API\FileAccessAPI.php(75): reqVALIDATE(Object(requestBroker))
#2 G:\Globlock\Globlock\Version0\Server Side\File Access API\FileAccessAPI.php(45): handleRequest(Object(requestBroker))
#3 {main}]
20140406-020036|System|Exception occurred in [selectToken] !  | [exception 'Exception' with message 'Exception Thrown (Resultset):' in G:\Globlock\Globlock\Version0\Server Side\File Access API\sessionHandler.php:147
Stack trace:
#0 G:\Globlock\Globlock\Version0\Server Side\File Access API\sessionHandler.php(202): selectToken('ABCD', 1)
#1 G:\Globlock\Globlock\Version0\Server Side\File Access API\sessionHandler.php(244): verifySession('ABCD', 1)
#2 G:\Globlock\Globlock\Version0\Server Side\File Access API\FileAccessAPI.php(100): validSession(Object(requestBroker), 1)
#3 G:\Globlock\Globlock\Version0\Server Side\File Access API\FileAccessAPI.php(75): reqVALIDATE(Object(requestBroker))
#4 G:\Globlock\Globlock\Version0\Server Side\File Access API\FileAccessAPI.php(45): handleRequest(Object(requestBroker))
#5 {main}]
20140406-020036|System|Exception occurred in [validSession]! | [exception 'Exception' with message 'Exception Thrown (SESSION NOT FOUND):' in G:\Globlock\Globlock\Version0\Server Side\File Access API\sessionHandler.php:245
Stack trace:
#0 G:\Globlock\Globlock\Version0\Server Side\File Access API\FileAccessAPI.php(100): validSession(Object(requestBroker), 1)
#1 G:\Globlock\Globlock\Version0\Server Side\File Access API\FileAccessAPI.php(75): reqVALIDATE(Object(requestBroker))
#2 G:\Globlock\Globlock\Version0\Server Side\File Access API\FileAccessAPI.php(45): handleRequest(Object(requestBroker))
#3 {main}]
20140406-020316|System|Exception occurred in [searchGlobeID] !  | [exception 'Exception' with message 'Exception Thrown (Binding):' in G:\Globlock\Globlock\Version0\Server Side\File Access API\globeHandler.php:46
Stack trace:
#0 G:\Globlock\Globlock\Version0\Server Side\File Access API\globeHandler.php(67): searchGlobeID(Object(requestBroker))
#1 G:\Globlock\Globlock\Version0\Server Side\File Access API\FileAccessAPI.php(101): validGlobe(Object(requestBroker))
#2 G:\Globlock\Globlock\Version0\Server Side\File Access API\FileAccessAPI.php(75): reqVALIDATE(Object(requestBroker))
#3 G:\Globlock\Globlock\Version0\Server Side\File Access API\FileAccessAPI.php(45): handleRequest(Object(requestBroker))
#4 {main}]
20140406-020316|System|Exception occurred in [validGlobe]! | [exception 'Exception' with message 'Exception Thrown (Resultset):' in G:\Globlock\Globlock\Version0\Server Side\File Access API\globeHandler.php:69
Stack trace:
#0 G:\Globlock\Globlock\Version0\Server Side\File Access API\FileAccessAPI.php(101): validGlobe(Object(requestBroker))
#1 G:\Globlock\Globlock\Version0\Server Side\File Access API\FileAccessAPI.php(75): reqVALIDATE(Object(requestBroker))
#2 G:\Globlock\Globlock\Version0\Server Side\File Access API\FileAccessAPI.php(45): handleRequest(Object(requestBroker))
#3 {main}]
20140415-154521|System|Exception occurred in [validGlobe]! | [exception 'Exception' with message 'Exception Thrown (EMPTY GLOBE):' in G:\Globlock\Globlock\Version0\Server Side\File Access API\globeHandler.php:85
Stack trace:
#0 G:\Globlock\Globlock\Version0\Server Side\File Access API\fileHandler.php(41): validGlobe(Object(requestBroker))
#1 G:\Globlock\Globlock\Version0\Server Side\File Access API\fileHandler_test.php(47): pushRequest(Object(requestBroker), 0)
#2 G:\Globlock\Globlock\Version0\Server Side\File Access API\fileHandler_test.php(16): testPush()
#3 {main}]
20140415-154523|System|Exception occurred in [validGlobe]! | [exception 'Exception' with message 'Exception Thrown (EMPTY GLOBE):' in G:\Globlock\Globlock\Version0\Server Side\File Access API\globeHandler.php:85
Stack trace:
#0 G:\Globlock\Globlock\Version0\Server Side\File Access API\fileHandler.php(41): validGlobe(Object(requestBroker))
#1 G:\Globlock\Globlock\Version0\Server Side\File Access API\fileHandler_test.php(47): pushRequest(Object(requestBroker), 0)
#2 G:\Globlock\Globlock\Version0\Server Side\File Access API\fileHandler_test.php(16): testPush()
#3 {main}]
20140415-154558|System|Exception occurred in [validGlobe]! | [exception 'Exception' with message 'Exception Thrown (EMPTY GLOBE):' in G:\Globlock\Globlock\Version0\Server Side\File Access API\globeHandler.php:85
Stack trace:
#0 G:\Globlock\Globlock\Version0\Server Side\File Access API\fileHandler.php(41): validGlobe(Object(requestBroker))
#1 G:\Globlock\Globlock\Version0\Server Side\File Access API\fileHandler_test.php(47): pushRequest(Object(requestBroker), 0)
#2 G:\Globlock\Globlock\Version0\Server Side\File Access API\fileHandler_test.php(16): testPush()
#3 {main}]
20140415-154754|System|Exception occurred in [validGlobe]! | [exception 'Exception' with message 'Exception Thrown (EMPTY GLOBE):' in G:\Globlock\Globlock\Version0\Server Side\File Access API\globeHandler.php:85
Stack trace:
#0 G:\Globlock\Globlock\Version0\Server Side\File Access API\fileHandler.php(41): validGlobe(Object(requestBroker))
#1 G:\Globlock\Globlock\Version0\Server Side\File Access API\fileHandler_test.php(47): pushRequest(Object(requestBroker), 0)
#2 G:\Globlock\Globlock\Version0\Server Side\File Access API\fileHandler_test.php(16): testPush()
#3 {main}]
